<?xml version="1.0" encoding="UTF-8"?>
<!-- Generated by org.testng.reporters.JUnitXMLReporter -->
<testsuite hostname="P1220105" ignored="0" name="TNRTest" tests="5" failures="0" timestamp="25 oct. 2023 08:10:59 GMT" time="24.853" errors="0">
  <testcase name="ouvrirSessionAvecMdpInvalide" time="6.879" classname="tnrTC.AD_SEC.AD_SEC_001_FON_02"/>
  <testcase name="ouvrirSessionAvecMdpValide" time="4.546" classname="tnrTC.AD_SEC.AD_SEC_001_FON_01"/>
  <testcase name="ouvrirSessionAvecReconnectionOUI" time="6.793" classname="tnrTC.AD_SEC.AD_SEC_001_FON_03"/>
  <testcase name="verifierInfoAPropos" time="1.953" classname="tnrTC.AD_DEP.AD_DEP_001_FON"/>
  <testcase name="fermerLaSession" time="4.657" classname="tnrTC.AD_SEC.AD_SEC_014_FON"/>
</testsuite> <!-- TNRTest -->
