<?xml version="1.0" encoding="UTF-8"?>
<!-- Generated by org.testng.reporters.JUnitXMLReporter -->
<testsuite hostname="P1220105" ignored="0" name="MyTest" tests="5" failures="0" timestamp="25 oct. 2023 08:12:20 GMT" time="25.268" errors="0">
  <testcase name="ouvrirSessionAvecMdpInvalide" time="7.184" classname="tnrTC.AD_SEC.AD_SEC_001_FON_02"/>
  <testcase name="ouvrirSessionAvecMdpValide" time="4.292" classname="tnrTC.AD_SEC.AD_SEC_001_FON_01"/>
  <testcase name="ouvrirSessionAvecReconnectionOUI" time="7.055" classname="tnrTC.AD_SEC.AD_SEC_001_FON_03"/>
  <testcase name="verifierInfoAPropos" time="1.99" classname="tnrTC.AD_DEP.AD_DEP_001_FON"/>
  <testcase name="fermerLaSession" time="4.726" classname="tnrTC.AD_SEC.AD_SEC_014_FON"/>
</testsuite> <!-- MyTest -->
