<?xml version="1.0" encoding="UTF-8"?>
<!-- Generated by org.testng.reporters.JUnitXMLReporter -->
<testsuite hostname="P1220105" ignored="0" name="MyTest" tests="4" failures="0" timestamp="24 oct. 2023 16:09:31 GMT" time="18.044" errors="0">
  <testcase name="ouvrirSessionAvecMdpInvalide" time="6.451" classname="tnrTC.AD_SEC.AD_SEC_001_FON_02"/>
  <testcase name="ouvrirSessionAvecMdpValide" time="3.88" classname="tnrTC.AD_SEC.AD_SEC_001_FON_01"/>
  <testcase name="ouvrirSessionAvecReconnectionOUI" time="6.054" classname="tnrTC.AD_SEC.AD_SEC_001_FON_03"/>
  <testcase name="verifierInfoAPropos" time="1.637" classname="tnrTC.AD_DEP.AD_DEP_001_FON"/>
</testsuite> <!-- MyTest -->
